[debug] [2021-09-09T21:54:16.108Z] ----------------------------------------------------------------------
[debug] [2021-09-09T21:54:16.110Z] Command:       C:\Program Files\nodejs\node.exe C:\Users\DISEÑO 3\AppData\Roaming\npm\node_modules\firebase-tools\lib\bin\firebase.js deploy --only hosting
[debug] [2021-09-09T21:54:16.111Z] CLI Version:   9.16.0
[debug] [2021-09-09T21:54:16.111Z] Platform:      win32
[debug] [2021-09-09T21:54:16.111Z] Node Version:  v14.17.5
[debug] [2021-09-09T21:54:16.112Z] Time:          Thu Sep 09 2021 16:54:16 GMT-0500 (hora estándar de Colombia)
[debug] [2021-09-09T21:54:16.112Z] ----------------------------------------------------------------------
[debug] 
[debug] [2021-09-09T21:54:16.198Z] > command requires scopes: ["email","openid","https://www.googleapis.com/auth/cloudplatformprojects.readonly","https://www.googleapis.com/auth/firebase","https://www.googleapis.com/auth/cloud-platform"]
[debug] [2021-09-09T21:54:16.199Z] > authorizing via signed-in user (desarrollo.energyt@gmail.com)
[debug] [2021-09-09T21:54:16.199Z] [iam] checking project energyt-sas for permissions ["firebase.projects.get","firebasehosting.sites.update"]
[debug] [2021-09-09T21:54:16.201Z] > refreshing access token with scopes: ["email","https://www.googleapis.com/auth/cloud-platform","https://www.googleapis.com/auth/cloudplatformprojects.readonly","https://www.googleapis.com/auth/firebase","openid"]
[debug] [2021-09-09T21:54:16.201Z] >>> HTTP REQUEST POST https://www.googleapis.com/oauth2/v3/token  
 <request body omitted>
[debug] [2021-09-09T21:54:37.340Z] [iam] error while checking permissions, command may fail: FirebaseError: Authentication Error: Your credentials are no longer valid. Please run firebase login --reauth

For CI servers and headless environments, generate a new token with firebase login:ci
[debug] [2021-09-09T21:54:37.346Z] >>> [apiv2][query] GET https://firebase.googleapis.com/v1beta1/projects/energyt-sas [none]
[debug] [2021-09-09T21:54:38.472Z] <<< [apiv2][status] GET https://firebase.googleapis.com/v1beta1/projects/energyt-sas 200
[debug] [2021-09-09T21:54:38.473Z] <<< [apiv2][body] GET https://firebase.googleapis.com/v1beta1/projects/energyt-sas {"projectId":"energyt-sas","projectNumber":"861763195564","displayName":"ENERGYT-SAS","name":"projects/energyt-sas","resources":{"hostingSite":"energyt-sas","storageBucket":"energyt-sas.appspot.com","locationId":"us-central"},"state":"ACTIVE"}
[info] 
[info] === Deploying to 'energyt-sas'...
[info] 
[info] i  deploying hosting 
[debug] [2021-09-09T21:54:38.489Z] > refreshing access token with scopes: ["email","https://www.googleapis.com/auth/cloud-platform","https://www.googleapis.com/auth/cloudplatformprojects.readonly","https://www.googleapis.com/auth/firebase","openid"]
[debug] [2021-09-09T21:54:38.493Z] >>> HTTP REQUEST POST https://www.googleapis.com/oauth2/v3/token  
 <request body omitted>
[debug] [2021-09-09T21:54:38.828Z] <<< HTTP RESPONSE 200 {"cache-control":"no-cache, no-store, max-age=0, must-revalidate","expires":"Mon, 01 Jan 1990 00:00:00 GMT","pragma":"no-cache","date":"Thu, 09 Sep 2021 21:54:38 GMT","content-type":"application/json; charset=utf-8","vary":"X-Origin, Referer, Origin,Accept-Encoding","server":"scaffolding on HTTPServer2","x-xss-protection":"0","x-frame-options":"SAMEORIGIN","x-content-type-options":"nosniff","alt-svc":"h3=\":443\"; ma=2592000,h3-29=\":443\"; ma=2592000,h3-T051=\":443\"; ma=2592000,h3-Q050=\":443\"; ma=2592000,h3-Q046=\":443\"; ma=2592000,h3-Q043=\":443\"; ma=2592000,quic=\":443\"; ma=2592000; v=\"46,43\"","accept-ranges":"none","transfer-encoding":"chunked"}
[debug] [2021-09-09T21:54:38.983Z] >>> HTTP REQUEST POST https://firebasehosting.googleapis.com/v1beta1/sites/energyt-sas/versions  
 {"config":{"rewrites":[{"glob":"**","path":"/index.html"}]},"labels":{"deployment-tool":"cli-firebase"}}
[debug] [2021-09-09T21:54:40.506Z] <<< HTTP RESPONSE 200 {"content-type":"application/json; charset=UTF-8","vary":"X-Origin, Referer, Origin,Accept-Encoding","date":"Thu, 09 Sep 2021 21:54:40 GMT","server":"ESF","cache-control":"private","x-xss-protection":"0","x-frame-options":"SAMEORIGIN","x-content-type-options":"nosniff","alt-svc":"h3=\":443\"; ma=2592000,h3-29=\":443\"; ma=2592000,h3-T051=\":443\"; ma=2592000,h3-Q050=\":443\"; ma=2592000,h3-Q046=\":443\"; ma=2592000,h3-Q043=\":443\"; ma=2592000,quic=\":443\"; ma=2592000; v=\"46,43\"","accept-ranges":"none","transfer-encoding":"chunked"}
[info] i  hosting[energyt-sas]: beginning deploy... 
[info] i  hosting[energyt-sas]: found 49 files in build 
[debug] [2021-09-09T21:54:40.560Z] [hosting] hash cache [YnVpbGQ] not populated
[debug] [2021-09-09T21:54:42.247Z] > refreshing access token with scopes: []
[debug] [2021-09-09T21:54:42.247Z] >>> HTTP REQUEST POST https://www.googleapis.com/oauth2/v3/token  
 <request body omitted>
[debug] [2021-09-09T21:54:42.251Z] [hosting] hash cache [YnVpbGQ] stored for 49 files
[debug] [2021-09-09T21:54:42.251Z] [hosting][hash queue][FINAL] {"max":1621,"min":51,"avg":312.7551020408163,"active":0,"complete":49,"success":49,"errored":0,"retried":0,"total":49,"elapsed":1691}
[debug] [2021-09-09T21:54:42.825Z] <<< HTTP RESPONSE 200 {"pragma":"no-cache","cache-control":"no-cache, no-store, max-age=0, must-revalidate","expires":"Mon, 01 Jan 1990 00:00:00 GMT","date":"Thu, 09 Sep 2021 21:54:42 GMT","content-type":"application/json; charset=utf-8","vary":"X-Origin, Referer, Origin,Accept-Encoding","server":"scaffolding on HTTPServer2","x-xss-protection":"0","x-frame-options":"SAMEORIGIN","x-content-type-options":"nosniff","alt-svc":"h3=\":443\"; ma=2592000,h3-29=\":443\"; ma=2592000,h3-T051=\":443\"; ma=2592000,h3-Q050=\":443\"; ma=2592000,h3-Q046=\":443\"; ma=2592000,h3-Q043=\":443\"; ma=2592000,quic=\":443\"; ma=2592000; v=\"46,43\"","accept-ranges":"none","transfer-encoding":"chunked"}
[debug] [2021-09-09T21:54:42.917Z] >>> [apiv2][query] POST https://firebasehosting.googleapis.com/v1beta1/sites/energyt-sas/versions/5932213afb48e6f4:populateFiles [none]
[debug] [2021-09-09T21:54:42.917Z] >>> [apiv2][body] POST https://firebasehosting.googleapis.com/v1beta1/sites/energyt-sas/versions/5932213afb48e6f4:populateFiles {"files":{"/asset-manifest.json":"8a1a0d41680d9a8ffabbe5441463d7213be56bd57fffcf14413deed25ae5252a","/manifest.json":"5c997de1364b8be939319fa9209abd77f2caf7f8844999a9e2e9173f844e7840","/index.html":"90e8a319413e2ac8d72db7ae8224905a82df89f89921306d2e2b788c012e9b9f","/robots.txt":"b2090cf9761ef60aa06e4fab97679bd43dfa5e5df073701ead5879d7c68f1ec5","/static/css/main.f5a8a8f4.chunk.css.map":"0fa3af4feeac4f7af40ab9feadc445a4a0fdbe9f177689b8460e562b0ddd2efb","/static/css/main.f5a8a8f4.chunk.css":"bcaa3bdfd17404968ef5de522579c9677b01d107c9c0d258321f9ce62be18cab","/static/js/2.229811b4.chunk.js.LICENSE.txt":"fed9aa1e846a2d9fe6a18e81c1d07bc4306510efafa533934a17077e786178b7","/static/js/main.403c5d21.chunk.js":"5b2c57f3a5377ff32330de7af5c84e3b37e291a3508f7710fcf1379908c7a3ad","/static/js/runtime-main.1a87930f.js":"055c4e6e294d22d77bec62a11424fd2e1f11b6001de2deedfedbabe77e8562ca","/static/js/runtime-main.1a87930f.js.map":"145cd7727d028dffa5280c10d30c1be7055c93dfdc4a856cece1ef63fc984b0f","/static/media/bx-cloud-upload.4765251c.svg":"2248c6edfa664d3ae199754f443ade3ca9d3ae82cf14583a949f0dbe5843d9f8","/static/media/bx-lock.661a8b5e.svg":"592cc809d334290a3ad6ac94b12cce666ffe908f4b625b302013e6cc287ac337","/static/media/bxl-facebook.fa5ab6bc.svg":"dc1fd062ba03862aa098e83d4977e40d572b14ac01e071030396e43313baeab5","/static/media/bxl-instagram.a6455c28.svg":"0a317dd1e9f3a54edcfaf612987a66f7da7ad71276d49cba10c343833e5dd210","/static/media/bxl-youtube.0e9e8d63.svg":"1a31afe314e184664812f012e6524525df6130abc8f603b7caba78b11660703b","/static/media/bxs-bar-chart-alt-2.20a99322.svg":"a6f0f73fbda4ff56faa9f85337f788ecda290ba69f561188bf61aa05f83a2400","/static/media/bxs-grid-alt.7a4d50e1.svg":"c5507a9f17028acf2bafb30aa9071f8a10388cee51e9471d862c659bb37a3e77","/static/media/ComfatolimaLogo.acb6123f.jpg":"c8c07b561827533bc79e44245aa64fc5ca3c56c1e55edbea5ba01e51bde67195","/static/media/comfenalco.616eb2c0.jpg":"f96823437817f55132b90227dd4b18df34957052e4bdbf3c4dc0bdd3b454a99e","/static/media/hospitalSanFranciscoVilladeLeyva.6c95a097.jpeg":"3e94c49ef070cd4ab2bb32d058c7b0f638d04d4e08fbf450a55a36b4b0b174f6","/static/media/logo-sanatorio-agua-dios.d6beb128.svg":"7511d32184fed5bf22f0907869b469607152b7733ac5c163c45ed68ae7d2a3d2","/static/media/universidad_del_tolima.e6416139.png":"4e0db7fb9b0ffe5fa60842a80c76f6cf96cea140a06f4ff30d74ee74b397a216","/favicon.ico":"eae62e993eb980ec8a25058c39d5a51feab118bd2100c4deebb2a9c158ec11f9","/logo192.png":"3ee59515172ee198f3be375979df15ac5345183e656720a381b8872b2a39dc8b","/static/media/Honestidad.c6566661.jpg":"6c5334272386d49a5525a7fd4cbf09c043465cf2b83d264d653e3e1418482f9f","/static/media/Team meeting_Monochromatic.b266f1f0.svg":"aae3745143c659cab203130381f6616434551241c0932bb34edc5fb8d43ef136","/logo512.png":"ee7e2f3fdb8209c4b6fd7bef6ba50d1b9dba30a25bb5c3126df057e1cb6f5331","/static/media/corTolima.de6c92e2.png":"d57c6723db02ca00c3207498f5cb0b2c77539be8bbd47bc5e5998b8e56ddbfd7","/static/media/viva.40fa987f.png":"e7f2ef0f65bf20148f4e7ad76361ada8c97dcd3ca8369203e88c68f15e5bcfda","/static/media/HospitalSanRafael.b68968bb.png":"d576cb6c76434b4011d6c486064f7ee77b810e8b9e938df7b32889bd64bb9ce0","/static/js/main.403c5d21.chunk.js.map":"efadc2451e86251a47d6ac039b0140b3651051313755f3fd8319f727a2e6eeef","/static/media/paz.e9f40799.png":"a3567365c924df7f59ef03223b5c702975ce142b14c3b21a9943f1c16b0bb6bd","/static/media/fe.cc7d7fc9.jpg":"ad2c483af36f2f0cf5fcfc74da0bb70ca5814f0f38fbc1280a55d960532343ed","/static/media/enertolima.b700368f.png":"b708bbe336090540555925f3294030f71237890e16eac0dc62d7d18897687a0f","/static/media/portada.5cca4135.jpeg":"528fc97743a7db71ade76d6e3d2c2f5ed38e26d2e17bc7120ad75431fee864a6","/static/media/amor.b79cf1ac.jpg":"1a18be9d386d03018141653cf60fb21eb0aa08fb02d75a7dfc3944b70bc16adb","/static/media/bondad.f487dc15.png":"81e6b26ae0cccb4e782287b2bf0200f2e112cc3fe0d5e139f2d8a45afb6b1057","/static/media/alegria.6d5a37f8.jpg":"82b41342e7e0603dedabdd58585f00375597408ea14001892f1b9a831e73014b","/static/media/portada02.21243488.jpeg":"723528a4ae084233dbc3f75eea4d8f380c100e4f77c49f1c1f6ae5526018d709","/static/media/gobernacionTolima.59bf2ffa.png":"4fd9c4526a28a169c2883eaf856931f571a426cfd0ab02f6a6a26c00acc4a155","/static/media/felicidad.bfc4c0da.png":"2341be54a4010916882790563a77e680ea7e269046e4d6f867386830987a96fb","/static/media/respeto.0d51ca75.png":"724f628b5155df3a91d5fdba48335238e8a4f8231812ae51b9bd73be022c1c8e","/static/media/paciencia.0953560c.png":"179910eb7bfde3b7fcc7e005f2b4220f3013bc71376417dcd2ee758b0329a5d5","/static/media/dominioPropio.420d9a1d.png":"452dd2a6d0e4767251e72bd91efb393efbdfb4d01811f9d15414bda5eb7a6f72","/static/media/amabilidad.5edfa132.png":"646885e25821a6bdf9c76fa7ff8aec962aaeaa6996fc82088c21219e3d7a2e5f","/static/media/tolerancia.425a8a80.png":"bab4698d32cbe6f4b2ac4a703f3d42dbf5345b69d73c6f304a8ad718c02880b6","/static/js/2.229811b4.chunk.js":"8f5f5d294ffb2bd58aa004824ee418038ca6625ca2734d2bc0e18e163f54461e","/static/media/logo.9722fe7c.png":"1d8cbca8d73699f8377879774eded34016fc6aba490829fa6e02551a951593f3","/static/js/2.229811b4.chunk.js.map":"2170e8fff8bdcae2f49de9c58c42ed2c231e62a4d0916af69ce6f91d30f1821a"}}
[debug] [2021-09-09T21:54:43.929Z] <<< [apiv2][status] POST https://firebasehosting.googleapis.com/v1beta1/sites/energyt-sas/versions/5932213afb48e6f4:populateFiles 200
[debug] [2021-09-09T21:54:43.929Z] <<< [apiv2][body] POST https://firebasehosting.googleapis.com/v1beta1/sites/energyt-sas/versions/5932213afb48e6f4:populateFiles {"uploadRequiredHashes":["2170e8fff8bdcae2f49de9c58c42ed2c231e62a4d0916af69ce6f91d30f1821a"],"uploadUrl":"https://upload-firebasehosting.googleapis.com/upload/sites/energyt-sas/versions/5932213afb48e6f4/files"}
[debug] [2021-09-09T21:54:43.931Z] >>> [apiv2][query] POST https://upload-firebasehosting.googleapis.com/upload/sites/energyt-sas/versions/5932213afb48e6f4/files/2170e8fff8bdcae2f49de9c58c42ed2c231e62a4d0916af69ce6f91d30f1821a [none]
[debug] [2021-09-09T21:54:43.931Z] >>> [apiv2][body] POST https://upload-firebasehosting.googleapis.com/upload/sites/energyt-sas/versions/5932213afb48e6f4/files/2170e8fff8bdcae2f49de9c58c42ed2c231e62a4d0916af69ce6f91d30f1821a [stream]
[debug] [2021-09-09T21:54:43.933Z] [hosting][populate queue][FINAL] {"max":1701,"min":1701,"avg":1701,"active":0,"complete":1,"success":1,"errored":0,"retried":0,"total":1,"elapsed":1703}
[debug] [2021-09-09T21:54:43.934Z] [hosting] uploads queued: 1
[debug] [2021-09-09T21:56:22.188Z] [uploadQueue] Retrying task 2170e8fff8bdcae2f49de9c58c42ed2c231e62a4d0916af69ce6f91d30f1821a
[debug] [2021-09-09T21:56:22.189Z] >>> [apiv2][query] POST https://upload-firebasehosting.googleapis.com/upload/sites/energyt-sas/versions/5932213afb48e6f4/files/2170e8fff8bdcae2f49de9c58c42ed2c231e62a4d0916af69ce6f91d30f1821a [none]
[debug] [2021-09-09T21:56:22.190Z] >>> [apiv2][body] POST https://upload-firebasehosting.googleapis.com/upload/sites/energyt-sas/versions/5932213afb48e6f4/files/2170e8fff8bdcae2f49de9c58c42ed2c231e62a4d0916af69ce6f91d30f1821a [stream]
[debug] [2021-09-09T21:58:00.805Z] [uploadQueue] Retrying task 2170e8fff8bdcae2f49de9c58c42ed2c231e62a4d0916af69ce6f91d30f1821a
[debug] [2021-09-09T21:58:00.806Z] >>> [apiv2][query] POST https://upload-firebasehosting.googleapis.com/upload/sites/energyt-sas/versions/5932213afb48e6f4/files/2170e8fff8bdcae2f49de9c58c42ed2c231e62a4d0916af69ce6f91d30f1821a [none]
[debug] [2021-09-09T21:58:00.806Z] >>> [apiv2][body] POST https://upload-firebasehosting.googleapis.com/upload/sites/energyt-sas/versions/5932213afb48e6f4/files/2170e8fff8bdcae2f49de9c58c42ed2c231e62a4d0916af69ce6f91d30f1821a [stream]
[debug] [2021-09-10T18:28:48.180Z] ----------------------------------------------------------------------
[debug] [2021-09-10T18:28:48.184Z] Command:       C:\Program Files\nodejs\node.exe C:\Users\DISEÑO 3\AppData\Roaming\npm\node_modules\firebase-tools\lib\bin\firebase.js deploy
[debug] [2021-09-10T18:28:48.185Z] CLI Version:   9.16.0
[debug] [2021-09-10T18:28:48.185Z] Platform:      win32
[debug] [2021-09-10T18:28:48.185Z] Node Version:  v14.17.5
[debug] [2021-09-10T18:28:48.187Z] Time:          Fri Sep 10 2021 13:28:48 GMT-0500 (hora estándar de Colombia)
[debug] [2021-09-10T18:28:48.187Z] ----------------------------------------------------------------------
[debug] 
[debug] [2021-09-10T18:28:48.311Z] > command requires scopes: ["email","openid","https://www.googleapis.com/auth/cloudplatformprojects.readonly","https://www.googleapis.com/auth/firebase","https://www.googleapis.com/auth/cloud-platform"]
[debug] [2021-09-10T18:28:48.312Z] > authorizing via signed-in user (desarrollo.energyt@gmail.com)
[debug] [2021-09-10T18:28:48.312Z] [iam] checking project energyt-sas for permissions ["firebase.projects.get","firebasehosting.sites.update"]
[debug] [2021-09-10T18:28:48.314Z] > refreshing access token with scopes: ["email","https://www.googleapis.com/auth/cloud-platform","https://www.googleapis.com/auth/cloudplatformprojects.readonly","https://www.googleapis.com/auth/firebase","openid"]
[debug] [2021-09-10T18:28:48.314Z] >>> HTTP REQUEST POST https://www.googleapis.com/oauth2/v3/token  
 <request body omitted>
[debug] [2021-09-10T18:28:49.741Z] <<< HTTP RESPONSE 200 {"cache-control":"no-cache, no-store, max-age=0, must-revalidate","pragma":"no-cache","date":"Fri, 10 Sep 2021 18:28:49 GMT","expires":"Mon, 01 Jan 1990 00:00:00 GMT","content-type":"application/json; charset=utf-8","vary":"X-Origin, Referer, Origin,Accept-Encoding","server":"scaffolding on HTTPServer2","x-xss-protection":"0","x-frame-options":"SAMEORIGIN","x-content-type-options":"nosniff","alt-svc":"h3=\":443\"; ma=2592000,h3-29=\":443\"; ma=2592000,h3-T051=\":443\"; ma=2592000,h3-Q050=\":443\"; ma=2592000,h3-Q046=\":443\"; ma=2592000,h3-Q043=\":443\"; ma=2592000,quic=\":443\"; ma=2592000; v=\"46,43\"","accept-ranges":"none","transfer-encoding":"chunked"}
[debug] [2021-09-10T18:28:49.869Z] >>> HTTP REQUEST POST https://cloudresourcemanager.googleapis.com/v1/projects/energyt-sas:testIamPermissions  
 {"permissions":["firebase.projects.get","firebasehosting.sites.update"]}
[debug] [2021-09-10T18:28:50.849Z] <<< HTTP RESPONSE 200 {"content-type":"application/json; charset=UTF-8","vary":"X-Origin, Referer, Origin,Accept-Encoding","date":"Fri, 10 Sep 2021 18:28:50 GMT","server":"ESF","cache-control":"private","x-xss-protection":"0","x-frame-options":"SAMEORIGIN","x-content-type-options":"nosniff","server-timing":"gfet4t7; dur=353","alt-svc":"h3=\":443\"; ma=2592000,h3-29=\":443\"; ma=2592000,h3-T051=\":443\"; ma=2592000,h3-Q050=\":443\"; ma=2592000,h3-Q046=\":443\"; ma=2592000,h3-Q043=\":443\"; ma=2592000,quic=\":443\"; ma=2592000; v=\"46,43\"","accept-ranges":"none","transfer-encoding":"chunked"}
[debug] [2021-09-10T18:28:50.852Z] > refreshing access token with scopes: []
[debug] [2021-09-10T18:28:50.853Z] >>> HTTP REQUEST POST https://www.googleapis.com/oauth2/v3/token  
 <request body omitted>
[debug] [2021-09-10T18:28:51.155Z] <<< HTTP RESPONSE 200 {"cache-control":"no-cache, no-store, max-age=0, must-revalidate","pragma":"no-cache","date":"Fri, 10 Sep 2021 18:28:51 GMT","expires":"Mon, 01 Jan 1990 00:00:00 GMT","content-type":"application/json; charset=utf-8","vary":"X-Origin, Referer, Origin,Accept-Encoding","server":"scaffolding on HTTPServer2","x-xss-protection":"0","x-frame-options":"SAMEORIGIN","x-content-type-options":"nosniff","alt-svc":"h3=\":443\"; ma=2592000,h3-29=\":443\"; ma=2592000,h3-T051=\":443\"; ma=2592000,h3-Q050=\":443\"; ma=2592000,h3-Q046=\":443\"; ma=2592000,h3-Q043=\":443\"; ma=2592000,quic=\":443\"; ma=2592000; v=\"46,43\"","accept-ranges":"none","transfer-encoding":"chunked"}
[debug] [2021-09-10T18:28:51.208Z] >>> [apiv2][query] GET https://firebase.googleapis.com/v1beta1/projects/energyt-sas [none]
[debug] [2021-09-10T18:28:51.728Z] <<< [apiv2][status] GET https://firebase.googleapis.com/v1beta1/projects/energyt-sas 200
[debug] [2021-09-10T18:28:51.728Z] <<< [apiv2][body] GET https://firebase.googleapis.com/v1beta1/projects/energyt-sas {"projectId":"energyt-sas","projectNumber":"861763195564","displayName":"ENERGYT-SAS","name":"projects/energyt-sas","resources":{"hostingSite":"energyt-sas","storageBucket":"energyt-sas.appspot.com","locationId":"us-central"},"state":"ACTIVE"}
[info] 
[info] === Deploying to 'energyt-sas'...
[info] 
[info] i  deploying hosting 
[debug] [2021-09-10T18:28:51.734Z] > refreshing access token with scopes: ["email","https://www.googleapis.com/auth/cloud-platform","https://www.googleapis.com/auth/cloudplatformprojects.readonly","https://www.googleapis.com/auth/firebase","openid"]
[debug] [2021-09-10T18:28:51.734Z] >>> HTTP REQUEST POST https://www.googleapis.com/oauth2/v3/token  
 <request body omitted>
[debug] [2021-09-10T18:28:55.109Z] <<< HTTP RESPONSE 200 {"pragma":"no-cache","cache-control":"no-cache, no-store, max-age=0, must-revalidate","expires":"Mon, 01 Jan 1990 00:00:00 GMT","date":"Fri, 10 Sep 2021 18:28:55 GMT","content-type":"application/json; charset=utf-8","vary":"X-Origin, Referer, Origin,Accept-Encoding","server":"scaffolding on HTTPServer2","x-xss-protection":"0","x-frame-options":"SAMEORIGIN","x-content-type-options":"nosniff","alt-svc":"h3=\":443\"; ma=2592000,h3-29=\":443\"; ma=2592000,h3-T051=\":443\"; ma=2592000,h3-Q050=\":443\"; ma=2592000,h3-Q046=\":443\"; ma=2592000,h3-Q043=\":443\"; ma=2592000,quic=\":443\"; ma=2592000; v=\"46,43\"","accept-ranges":"none","transfer-encoding":"chunked"}
[debug] [2021-09-10T18:28:55.164Z] >>> HTTP REQUEST POST https://firebasehosting.googleapis.com/v1beta1/sites/energyt-sas/versions  
 {"config":{"rewrites":[{"glob":"**","path":"/index.html"}]},"labels":{"deployment-tool":"cli-firebase"}}
[debug] [2021-09-10T18:28:56.391Z] <<< HTTP RESPONSE 200 {"content-type":"application/json; charset=UTF-8","vary":"X-Origin, Referer, Origin,Accept-Encoding","date":"Fri, 10 Sep 2021 18:28:56 GMT","server":"ESF","cache-control":"private","x-xss-protection":"0","x-frame-options":"SAMEORIGIN","x-content-type-options":"nosniff","alt-svc":"h3=\":443\"; ma=2592000,h3-29=\":443\"; ma=2592000,h3-T051=\":443\"; ma=2592000,h3-Q050=\":443\"; ma=2592000,h3-Q046=\":443\"; ma=2592000,h3-Q043=\":443\"; ma=2592000,quic=\":443\"; ma=2592000; v=\"46,43\"","accept-ranges":"none","transfer-encoding":"chunked"}
[info] i  hosting[energyt-sas]: beginning deploy... 
[info] i  hosting[energyt-sas]: found 49 files in build 
[debug] [2021-09-10T18:28:57.286Z] > refreshing access token with scopes: []
[debug] [2021-09-10T18:28:57.286Z] >>> HTTP REQUEST POST https://www.googleapis.com/oauth2/v3/token  
 <request body omitted>
[debug] [2021-09-10T18:28:57.288Z] [hosting] hash cache [YnVpbGQ] stored for 49 files
[debug] [2021-09-10T18:28:57.288Z] [hosting][hash queue][FINAL] {"max":830,"min":9,"avg":134.08163265306123,"active":0,"complete":49,"success":49,"errored":0,"retried":0,"total":49,"elapsed":858}
[debug] [2021-09-10T18:28:57.896Z] <<< HTTP RESPONSE 200 {"expires":"Mon, 01 Jan 1990 00:00:00 GMT","date":"Fri, 10 Sep 2021 18:28:57 GMT","pragma":"no-cache","cache-control":"no-cache, no-store, max-age=0, must-revalidate","content-type":"application/json; charset=utf-8","vary":"X-Origin, Referer, Origin,Accept-Encoding","server":"scaffolding on HTTPServer2","x-xss-protection":"0","x-frame-options":"SAMEORIGIN","x-content-type-options":"nosniff","alt-svc":"h3=\":443\"; ma=2592000,h3-29=\":443\"; ma=2592000,h3-T051=\":443\"; ma=2592000,h3-Q050=\":443\"; ma=2592000,h3-Q046=\":443\"; ma=2592000,h3-Q043=\":443\"; ma=2592000,quic=\":443\"; ma=2592000; v=\"46,43\"","accept-ranges":"none","transfer-encoding":"chunked"}
[debug] [2021-09-10T18:28:57.963Z] >>> [apiv2][query] POST https://firebasehosting.googleapis.com/v1beta1/sites/energyt-sas/versions/82012d9640911a98:populateFiles [none]
[debug] [2021-09-10T18:28:57.963Z] >>> [apiv2][body] POST https://firebasehosting.googleapis.com/v1beta1/sites/energyt-sas/versions/82012d9640911a98:populateFiles {"files":{"/favicon.ico":"eae62e993eb980ec8a25058c39d5a51feab118bd2100c4deebb2a9c158ec11f9","/logo192.png":"3ee59515172ee198f3be375979df15ac5345183e656720a381b8872b2a39dc8b","/logo512.png":"ee7e2f3fdb8209c4b6fd7bef6ba50d1b9dba30a25bb5c3126df057e1cb6f5331","/manifest.json":"5c997de1364b8be939319fa9209abd77f2caf7f8844999a9e2e9173f844e7840","/robots.txt":"b2090cf9761ef60aa06e4fab97679bd43dfa5e5df073701ead5879d7c68f1ec5","/asset-manifest.json":"44cf2119c1d481776a0187e521762594c41f81cb315941b4ead62fdbdd86abfb","/static/css/main.8e7dda48.chunk.css":"fbfd903d77c20d14c595646972a599c8fcf682d71e130584fc54ba392d0fad76","/static/css/main.8e7dda48.chunk.css.map":"4242d7bde00750c51f8b33066c0d385bc9f9351cbe9b5b97c9571cada0f889e6","/static/js/2.229811b4.chunk.js.LICENSE.txt":"fed9aa1e846a2d9fe6a18e81c1d07bc4306510efafa533934a17077e786178b7","/index.html":"e71e4015708dbf2b1ef03b1dd1d15fdc38e358664c6143780d317e9df6847acf","/static/js/main.6e161e74.chunk.js":"82d76be9b8748b057eb9a9735a05cadf52ec0a35e0fc52ced50a6efa76232d23","/static/js/runtime-main.1a87930f.js":"055c4e6e294d22d77bec62a11424fd2e1f11b6001de2deedfedbabe77e8562ca","/static/js/runtime-main.1a87930f.js.map":"145cd7727d028dffa5280c10d30c1be7055c93dfdc4a856cece1ef63fc984b0f","/static/media/bx-cloud-upload.4765251c.svg":"2248c6edfa664d3ae199754f443ade3ca9d3ae82cf14583a949f0dbe5843d9f8","/static/media/bx-lock.661a8b5e.svg":"592cc809d334290a3ad6ac94b12cce666ffe908f4b625b302013e6cc287ac337","/static/media/bxl-facebook.fa5ab6bc.svg":"dc1fd062ba03862aa098e83d4977e40d572b14ac01e071030396e43313baeab5","/static/media/bxl-instagram.a6455c28.svg":"0a317dd1e9f3a54edcfaf612987a66f7da7ad71276d49cba10c343833e5dd210","/static/media/bxl-youtube.0e9e8d63.svg":"1a31afe314e184664812f012e6524525df6130abc8f603b7caba78b11660703b","/static/media/bxs-bar-chart-alt-2.20a99322.svg":"a6f0f73fbda4ff56faa9f85337f788ecda290ba69f561188bf61aa05f83a2400","/static/media/bxs-grid-alt.08e3df50.svg":"7259aea39edcf8423689662d0f842d18e57a74c46cb842997d84f8f3d9014310","/static/media/ComfatolimaLogo.acb6123f.jpg":"c8c07b561827533bc79e44245aa64fc5ca3c56c1e55edbea5ba01e51bde67195","/static/media/comfenalco.616eb2c0.jpg":"f96823437817f55132b90227dd4b18df34957052e4bdbf3c4dc0bdd3b454a99e","/static/media/hospitalSanFranciscoVilladeLeyva.6c95a097.jpeg":"3e94c49ef070cd4ab2bb32d058c7b0f638d04d4e08fbf450a55a36b4b0b174f6","/static/media/logo-sanatorio-agua-dios.d6beb128.svg":"7511d32184fed5bf22f0907869b469607152b7733ac5c163c45ed68ae7d2a3d2","/static/media/universidad_del_tolima.e6416139.png":"4e0db7fb9b0ffe5fa60842a80c76f6cf96cea140a06f4ff30d74ee74b397a216","/static/media/Team meeting_Monochromatic.b266f1f0.svg":"aae3745143c659cab203130381f6616434551241c0932bb34edc5fb8d43ef136","/static/media/Honestidad.c6566661.jpg":"6c5334272386d49a5525a7fd4cbf09c043465cf2b83d264d653e3e1418482f9f","/static/media/corTolima.de6c92e2.png":"d57c6723db02ca00c3207498f5cb0b2c77539be8bbd47bc5e5998b8e56ddbfd7","/static/media/viva.40fa987f.png":"e7f2ef0f65bf20148f4e7ad76361ada8c97dcd3ca8369203e88c68f15e5bcfda","/static/media/HospitalSanRafael.b68968bb.png":"d576cb6c76434b4011d6c486064f7ee77b810e8b9e938df7b32889bd64bb9ce0","/static/js/main.6e161e74.chunk.js.map":"865655ee944f36d49eeefde18d0bffd1109a24a4bb7cd1642e7142859a1c5fe6","/static/media/paz.e9f40799.png":"a3567365c924df7f59ef03223b5c702975ce142b14c3b21a9943f1c16b0bb6bd","/static/media/fe.cc7d7fc9.jpg":"ad2c483af36f2f0cf5fcfc74da0bb70ca5814f0f38fbc1280a55d960532343ed","/static/media/enertolima.b700368f.png":"b708bbe336090540555925f3294030f71237890e16eac0dc62d7d18897687a0f","/static/media/portada.5cca4135.jpeg":"528fc97743a7db71ade76d6e3d2c2f5ed38e26d2e17bc7120ad75431fee864a6","/static/media/amor.b79cf1ac.jpg":"1a18be9d386d03018141653cf60fb21eb0aa08fb02d75a7dfc3944b70bc16adb","/static/media/alegria.6d5a37f8.jpg":"82b41342e7e0603dedabdd58585f00375597408ea14001892f1b9a831e73014b","/static/media/bondad.f487dc15.png":"81e6b26ae0cccb4e782287b2bf0200f2e112cc3fe0d5e139f2d8a45afb6b1057","/static/media/portada02.21243488.jpeg":"723528a4ae084233dbc3f75eea4d8f380c100e4f77c49f1c1f6ae5526018d709","/static/media/gobernacionTolima.59bf2ffa.png":"4fd9c4526a28a169c2883eaf856931f571a426cfd0ab02f6a6a26c00acc4a155","/static/media/felicidad.bfc4c0da.png":"2341be54a4010916882790563a77e680ea7e269046e4d6f867386830987a96fb","/static/media/respeto.0d51ca75.png":"724f628b5155df3a91d5fdba48335238e8a4f8231812ae51b9bd73be022c1c8e","/static/media/paciencia.0953560c.png":"179910eb7bfde3b7fcc7e005f2b4220f3013bc71376417dcd2ee758b0329a5d5","/static/media/dominioPropio.420d9a1d.png":"452dd2a6d0e4767251e72bd91efb393efbdfb4d01811f9d15414bda5eb7a6f72","/static/media/amabilidad.5edfa132.png":"646885e25821a6bdf9c76fa7ff8aec962aaeaa6996fc82088c21219e3d7a2e5f","/static/media/tolerancia.425a8a80.png":"bab4698d32cbe6f4b2ac4a703f3d42dbf5345b69d73c6f304a8ad718c02880b6","/static/js/2.229811b4.chunk.js":"8f5f5d294ffb2bd58aa004824ee418038ca6625ca2734d2bc0e18e163f54461e","/static/media/logo.9722fe7c.png":"1d8cbca8d73699f8377879774eded34016fc6aba490829fa6e02551a951593f3","/static/js/2.229811b4.chunk.js.map":"2170e8fff8bdcae2f49de9c58c42ed2c231e62a4d0916af69ce6f91d30f1821a"}}
[info] i  hosting: adding files to version [0/49] (0%) 
[debug] [2021-09-10T18:28:58.987Z] <<< [apiv2][status] POST https://firebasehosting.googleapis.com/v1beta1/sites/energyt-sas/versions/82012d9640911a98:populateFiles 200
[debug] [2021-09-10T18:28:58.987Z] <<< [apiv2][body] POST https://firebasehosting.googleapis.com/v1beta1/sites/energyt-sas/versions/82012d9640911a98:populateFiles {"uploadRequiredHashes":["2170e8fff8bdcae2f49de9c58c42ed2c231e62a4d0916af69ce6f91d30f1821a","44cf2119c1d481776a0187e521762594c41f81cb315941b4ead62fdbdd86abfb","82d76be9b8748b057eb9a9735a05cadf52ec0a35e0fc52ced50a6efa76232d23","e71e4015708dbf2b1ef03b1dd1d15fdc38e358664c6143780d317e9df6847acf","865655ee944f36d49eeefde18d0bffd1109a24a4bb7cd1642e7142859a1c5fe6"],"uploadUrl":"https://upload-firebasehosting.googleapis.com/upload/sites/energyt-sas/versions/82012d9640911a98/files"}
[debug] [2021-09-10T18:28:58.993Z] >>> [apiv2][query] POST https://upload-firebasehosting.googleapis.com/upload/sites/energyt-sas/versions/82012d9640911a98/files/2170e8fff8bdcae2f49de9c58c42ed2c231e62a4d0916af69ce6f91d30f1821a [none]
[debug] [2021-09-10T18:28:58.994Z] >>> [apiv2][body] POST https://upload-firebasehosting.googleapis.com/upload/sites/energyt-sas/versions/82012d9640911a98/files/2170e8fff8bdcae2f49de9c58c42ed2c231e62a4d0916af69ce6f91d30f1821a [stream]
[debug] [2021-09-10T18:28:58.996Z] >>> [apiv2][query] POST https://upload-firebasehosting.googleapis.com/upload/sites/energyt-sas/versions/82012d9640911a98/files/44cf2119c1d481776a0187e521762594c41f81cb315941b4ead62fdbdd86abfb [none]
[debug] [2021-09-10T18:28:58.997Z] >>> [apiv2][body] POST https://upload-firebasehosting.googleapis.com/upload/sites/energyt-sas/versions/82012d9640911a98/files/44cf2119c1d481776a0187e521762594c41f81cb315941b4ead62fdbdd86abfb [stream]
[debug] [2021-09-10T18:28:58.998Z] >>> [apiv2][query] POST https://upload-firebasehosting.googleapis.com/upload/sites/energyt-sas/versions/82012d9640911a98/files/82d76be9b8748b057eb9a9735a05cadf52ec0a35e0fc52ced50a6efa76232d23 [none]
[debug] [2021-09-10T18:28:59.000Z] >>> [apiv2][body] POST https://upload-firebasehosting.googleapis.com/upload/sites/energyt-sas/versions/82012d9640911a98/files/82d76be9b8748b057eb9a9735a05cadf52ec0a35e0fc52ced50a6efa76232d23 [stream]
[debug] [2021-09-10T18:28:59.002Z] >>> [apiv2][query] POST https://upload-firebasehosting.googleapis.com/upload/sites/energyt-sas/versions/82012d9640911a98/files/e71e4015708dbf2b1ef03b1dd1d15fdc38e358664c6143780d317e9df6847acf [none]
[debug] [2021-09-10T18:28:59.002Z] >>> [apiv2][body] POST https://upload-firebasehosting.googleapis.com/upload/sites/energyt-sas/versions/82012d9640911a98/files/e71e4015708dbf2b1ef03b1dd1d15fdc38e358664c6143780d317e9df6847acf [stream]
[debug] [2021-09-10T18:28:59.003Z] >>> [apiv2][query] POST https://upload-firebasehosting.googleapis.com/upload/sites/energyt-sas/versions/82012d9640911a98/files/865655ee944f36d49eeefde18d0bffd1109a24a4bb7cd1642e7142859a1c5fe6 [none]
[debug] [2021-09-10T18:28:59.004Z] >>> [apiv2][body] POST https://upload-firebasehosting.googleapis.com/upload/sites/energyt-sas/versions/82012d9640911a98/files/865655ee944f36d49eeefde18d0bffd1109a24a4bb7cd1642e7142859a1c5fe6 [stream]
[debug] [2021-09-10T18:28:59.005Z] [hosting][populate queue][FINAL] {"max":1708,"min":1708,"avg":1708,"active":0,"complete":1,"success":1,"errored":0,"retried":0,"total":1,"elapsed":1720}
[debug] [2021-09-10T18:28:59.005Z] [hosting] uploads queued: 5
[debug] [2021-09-10T18:29:00.184Z] <<< [apiv2][status] POST https://upload-firebasehosting.googleapis.com/upload/sites/energyt-sas/versions/82012d9640911a98/files/e71e4015708dbf2b1ef03b1dd1d15fdc38e358664c6143780d317e9df6847acf 200
[debug] [2021-09-10T18:29:00.184Z] <<< [apiv2][body] POST https://upload-firebasehosting.googleapis.com/upload/sites/energyt-sas/versions/82012d9640911a98/files/e71e4015708dbf2b1ef03b1dd1d15fdc38e358664c6143780d317e9df6847acf [stream]
[debug] [2021-09-10T18:29:00.189Z] <<< [apiv2][status] POST https://upload-firebasehosting.googleapis.com/upload/sites/energyt-sas/versions/82012d9640911a98/files/44cf2119c1d481776a0187e521762594c41f81cb315941b4ead62fdbdd86abfb 200
[debug] [2021-09-10T18:29:00.190Z] <<< [apiv2][body] POST https://upload-firebasehosting.googleapis.com/upload/sites/energyt-sas/versions/82012d9640911a98/files/44cf2119c1d481776a0187e521762594c41f81cb315941b4ead62fdbdd86abfb [stream]
[info] i  hosting: uploading new files [2/5] (40%) 
[debug] [2021-09-10T18:29:00.668Z] <<< [apiv2][status] POST https://upload-firebasehosting.googleapis.com/upload/sites/energyt-sas/versions/82012d9640911a98/files/82d76be9b8748b057eb9a9735a05cadf52ec0a35e0fc52ced50a6efa76232d23 200
[debug] [2021-09-10T18:29:00.668Z] <<< [apiv2][body] POST https://upload-firebasehosting.googleapis.com/upload/sites/energyt-sas/versions/82012d9640911a98/files/82d76be9b8748b057eb9a9735a05cadf52ec0a35e0fc52ced50a6efa76232d23 [stream]
[debug] [2021-09-10T18:29:01.524Z] <<< [apiv2][status] POST https://upload-firebasehosting.googleapis.com/upload/sites/energyt-sas/versions/82012d9640911a98/files/865655ee944f36d49eeefde18d0bffd1109a24a4bb7cd1642e7142859a1c5fe6 200
[debug] [2021-09-10T18:29:01.524Z] <<< [apiv2][body] POST https://upload-firebasehosting.googleapis.com/upload/sites/energyt-sas/versions/82012d9640911a98/files/865655ee944f36d49eeefde18d0bffd1109a24a4bb7cd1642e7142859a1c5fe6 [stream]
[info] i  hosting: uploading new files [4/5] (80%) 
[info] i  hosting: uploading new files [4/5] (80%) 
[info] i  hosting: uploading new files [4/5] (80%) 
[info] i  hosting: uploading new files [4/5] (80%) 
[info] i  hosting: uploading new files [4/5] (80%) 
[info] i  hosting: uploading new files [4/5] (80%) 
[info] i  hosting: uploading new files [4/5] (80%) 
[info] i  hosting: uploading new files [4/5] (80%) 
[info] i  hosting: uploading new files [4/5] (80%) 
[info] i  hosting: uploading new files [4/5] (80%) 
[info] i  hosting: uploading new files [4/5] (80%) 
[info] i  hosting: uploading new files [4/5] (80%) 
